2024-01-10 01:18:03.485 [info] Log level: Info
2024-01-10 01:18:03.485 [info] Validating found git in: "git"
2024-01-10 01:18:03.485 [info] Using git "2.43.0" from "git"
2024-01-10 01:18:03.485 [info] > git rev-parse --show-toplevel [2ms]
2024-01-10 01:18:03.485 [info] fatal: not a git repository (or any of the parent directories): .git
2024-01-10 01:18:03.485 [info] > git rev-parse --show-toplevel [2ms]
2024-01-10 01:18:03.485 [info] fatal: not a git repository (or any of the parent directories): .git
2024-01-10 01:18:03.485 [info] > git rev-parse --show-toplevel [2ms]
2024-01-10 01:18:03.485 [info] fatal: not a git repository (or any of the parent directories): .git
2024-01-10 01:18:03.493 [info] > git rev-parse --show-toplevel [2ms]
2024-01-10 01:18:03.493 [info] fatal: not a git repository (or any of the parent directories): .git
2024-01-10 01:18:03.508 [info] > git rev-parse --show-toplevel [8ms]
2024-01-10 01:18:03.508 [info] fatal: not a git repository (or any of the parent directories): .git
2024-01-10 01:18:03.517 [info] > git rev-parse --show-toplevel [2ms]
2024-01-10 01:18:03.517 [info] fatal: not a git repository (or any of the parent directories): .git
2024-01-10 01:18:03.524 [info] > git rev-parse --show-toplevel [1ms]
2024-01-10 01:18:03.524 [info] fatal: not a git repository (or any of the parent directories): .git
2024-01-10 01:18:03.542 [info] > git rev-parse --show-toplevel [1ms]
2024-01-10 01:18:03.542 [info] fatal: not a git repository (or any of the parent directories): .git
2024-01-10 01:18:03.547 [info] > git rev-parse --show-toplevel [1ms]
2024-01-10 01:18:03.547 [info] fatal: not a git repository (or any of the parent directories): .git
2024-01-10 01:18:03.702 [info] > git rev-parse --show-toplevel [1ms]
2024-01-10 01:18:03.702 [info] fatal: not a git repository (or any of the parent directories): .git
2024-01-10 01:18:03.707 [info] > git rev-parse --show-toplevel [1ms]
2024-01-10 01:18:03.707 [info] fatal: not a git repository (or any of the parent directories): .git
2024-01-10 01:18:03.939 [info] > git rev-parse --show-toplevel [2ms]
2024-01-10 01:18:03.939 [info] fatal: not a git repository (or any of the parent directories): .git
2024-01-10 01:18:03.943 [info] > git rev-parse --show-toplevel [1ms]
2024-01-10 01:18:03.943 [info] fatal: not a git repository (or any of the parent directories): .git
