2024-01-21 19:37:46.977 [info] Added views:workbench.panel.markers.view in workbench.panel.markers
2024-01-21 19:37:46.977 [info] Added views:workbench.panel.output in workbench.panel.output
2024-01-21 19:37:46.977 [info] Added views:terminal in terminal
2024-01-21 19:37:46.977 [info] Added views:outline in workbench.view.explorer
2024-01-21 19:37:46.977 [info] Added views:workbench.scm in workbench.view.scm
2024-01-21 19:37:46.977 [info] Added views:workbench.view.search in workbench.view.search
2024-01-21 19:37:46.977 [info] Added views:timeline in workbench.view.explorer
2024-01-21 19:37:46.977 [info] Added views:workbench.explorer.fileView in workbench.view.explorer
2024-01-21 19:37:47.201 [info] Added views:workbench.debug.welcome in workbench.view.debug
2024-01-21 19:37:47.511 [info] Added views:gitlens.views.home,gitlens.views.drafts,gitlens.views.workspaces,gitlens.views.account in workbench.view.extension.gitlens
2024-01-21 19:37:47.511 [info] Added views:gitlens.views.commitDetails,gitlens.views.lineHistory,gitlens.views.fileHistory,gitlens.views.searchAndCompare in workbench.view.extension.gitlensInspect
2024-01-21 19:37:47.511 [info] Added views:gitlens.views.commits,gitlens.views.branches,gitlens.views.remotes,gitlens.views.stashes,gitlens.views.tags,gitlens.views.contributors in workbench.view.scm
2024-01-21 19:37:47.747 [info] Added views:workbench.panel.repl.view in workbench.panel.repl
2024-01-21 19:37:48.403 [info] Added views:~remote.forwardedPorts in ~remote.forwardedPortsContainer
2024-01-21 19:37:48.971 [info] Removed views:gitlens.views.searchAndCompare,gitlens.views.fileHistory,gitlens.views.lineHistory,gitlens.views.commitDetails from workbench.view.extension.gitlensInspect
2024-01-21 19:37:48.973 [info] Removed views:gitlens.views.contributors,gitlens.views.tags,gitlens.views.stashes,gitlens.views.remotes,gitlens.views.branches,gitlens.views.commits from workbench.view.scm
2024-01-21 19:38:01.698 [info] Added views:workbench.debug.breakPointsView in workbench.view.debug
2024-01-21 19:38:04.366 [info] Removed views:workbench.debug.welcome from workbench.view.debug
2024-01-21 19:38:04.367 [info] Added views:workbench.debug.variablesView,workbench.debug.watchExpressionsView,workbench.debug.callStackView in workbench.view.debug
2024-01-21 19:38:04.680 [info] Removed views:workbench.debug.callStackView,workbench.debug.watchExpressionsView,workbench.debug.variablesView from workbench.view.debug
2024-01-21 19:38:04.681 [info] Added views:workbench.debug.welcome in workbench.view.debug
