2024-01-29 14:52:03.781 [info] Added views:workbench.panel.markers.view in workbench.panel.markers
2024-01-29 14:52:03.781 [info] Added views:workbench.panel.output in workbench.panel.output
2024-01-29 14:52:03.781 [info] Added views:terminal in terminal
2024-01-29 14:52:03.781 [info] Added views:outline in workbench.view.explorer
2024-01-29 14:52:03.781 [info] Added views:workbench.scm in workbench.view.scm
2024-01-29 14:52:03.781 [info] Added views:workbench.view.search in workbench.view.search
2024-01-29 14:52:03.781 [info] Added views:timeline in workbench.view.explorer
2024-01-29 14:52:03.781 [info] Added views:workbench.explorer.fileView in workbench.view.explorer
2024-01-29 14:52:03.996 [info] Added views:workbench.debug.welcome in workbench.view.debug
2024-01-29 14:52:04.153 [info] Added views:gitlens.views.home,gitlens.views.drafts,gitlens.views.workspaces,gitlens.views.account in workbench.view.extension.gitlens
2024-01-29 14:52:04.153 [info] Added views:gitlens.views.commitDetails,gitlens.views.lineHistory,gitlens.views.fileHistory,gitlens.views.searchAndCompare in workbench.view.extension.gitlensInspect
2024-01-29 14:52:04.154 [info] Added views:gitlens.views.commits,gitlens.views.branches,gitlens.views.remotes,gitlens.views.stashes,gitlens.views.tags,gitlens.views.contributors in workbench.view.scm
2024-01-29 14:52:04.339 [info] Added views:workbench.panel.repl.view in workbench.panel.repl
2024-01-29 14:52:05.072 [info] Added views:~remote.forwardedPorts in ~remote.forwardedPortsContainer
2024-01-29 14:52:05.456 [info] Removed views:gitlens.views.searchAndCompare,gitlens.views.fileHistory,gitlens.views.lineHistory,gitlens.views.commitDetails from workbench.view.extension.gitlensInspect
2024-01-29 14:52:05.457 [info] Removed views:gitlens.views.contributors,gitlens.views.tags,gitlens.views.stashes,gitlens.views.remotes,gitlens.views.branches,gitlens.views.commits from workbench.view.scm
2024-01-29 14:52:09.703 [info] Added views:workbench.debug.breakPointsView in workbench.view.debug
2024-01-29 14:52:17.985 [info] Removed views:workbench.debug.welcome from workbench.view.debug
2024-01-29 14:52:17.987 [info] Added views:workbench.debug.variablesView,workbench.debug.watchExpressionsView,workbench.debug.callStackView in workbench.view.debug
2024-01-29 14:52:18.742 [info] Removed views:workbench.debug.callStackView,workbench.debug.watchExpressionsView,workbench.debug.variablesView from workbench.view.debug
2024-01-29 14:52:18.743 [info] Added views:workbench.debug.welcome in workbench.view.debug
2024-01-29 14:53:14.248 [info] Removed views:workbench.debug.welcome from workbench.view.debug
2024-01-29 14:53:14.249 [info] Added views:workbench.debug.variablesView,workbench.debug.watchExpressionsView,workbench.debug.callStackView in workbench.view.debug
2024-01-29 14:53:14.397 [info] Removed views:workbench.debug.callStackView,workbench.debug.watchExpressionsView,workbench.debug.variablesView from workbench.view.debug
2024-01-29 14:53:14.397 [info] Added views:workbench.debug.welcome in workbench.view.debug
2024-01-29 14:54:07.138 [info] Removed views:workbench.debug.welcome from workbench.view.debug
2024-01-29 14:54:07.139 [info] Added views:workbench.debug.variablesView,workbench.debug.watchExpressionsView,workbench.debug.callStackView in workbench.view.debug
2024-01-29 14:54:07.281 [info] Removed views:workbench.debug.callStackView,workbench.debug.watchExpressionsView,workbench.debug.variablesView from workbench.view.debug
2024-01-29 14:54:07.281 [info] Added views:workbench.debug.welcome in workbench.view.debug
