2024-01-21 19:37:49.079 [info] Log level: Info
2024-01-21 19:37:49.079 [info] Validating found git in: "git"
2024-01-21 19:37:49.079 [info] Using git "2.43.0" from "git"
2024-01-21 19:37:49.079 [info] > git rev-parse --show-toplevel [56ms]
2024-01-21 19:37:49.079 [info] fatal: not a git repository (or any of the parent directories): .git
2024-01-21 19:37:49.079 [info] > git rev-parse --show-toplevel [91ms]
2024-01-21 19:37:49.079 [info] fatal: not a git repository (or any of the parent directories): .git
2024-01-21 19:37:49.079 [info] > git rev-parse --show-toplevel [11ms]
2024-01-21 19:37:49.079 [info] fatal: not a git repository (or any of the parent directories): .git
2024-01-21 19:37:49.086 [info] > git rev-parse --show-toplevel [1ms]
2024-01-21 19:37:49.086 [info] fatal: not a git repository (or any of the parent directories): .git
2024-01-21 19:37:49.095 [info] > git rev-parse --show-toplevel [1ms]
2024-01-21 19:37:49.095 [info] fatal: not a git repository (or any of the parent directories): .git
2024-01-21 19:37:49.107 [info] > git rev-parse --show-toplevel [7ms]
2024-01-21 19:37:49.107 [info] fatal: not a git repository (or any of the parent directories): .git
2024-01-21 19:37:49.113 [info] > git rev-parse --show-toplevel [1ms]
2024-01-21 19:37:49.113 [info] fatal: not a git repository (or any of the parent directories): .git
2024-01-21 19:37:49.121 [info] > git rev-parse --show-toplevel [1ms]
2024-01-21 19:37:49.121 [info] fatal: not a git repository (or any of the parent directories): .git
2024-01-21 19:37:49.126 [info] > git rev-parse --show-toplevel [1ms]
2024-01-21 19:37:49.126 [info] fatal: not a git repository (or any of the parent directories): .git
2024-01-21 19:38:25.024 [info] > git rev-parse --show-toplevel [1ms]
2024-01-21 19:38:25.024 [info] fatal: not a git repository (or any of the parent directories): .git
