2024-01-29 14:52:05.550 [info] Log level: Info
2024-01-29 14:52:05.550 [info] Validating found git in: "git"
2024-01-29 14:52:05.550 [info] Using git "2.43.0" from "git"
2024-01-29 14:52:05.550 [info] > git rev-parse --show-toplevel [52ms]
2024-01-29 14:52:05.550 [info] fatal: not a git repository (or any of the parent directories): .git
2024-01-29 14:52:05.550 [info] > git rev-parse --show-toplevel [81ms]
2024-01-29 14:52:05.550 [info] fatal: not a git repository (or any of the parent directories): .git
2024-01-29 14:52:05.550 [info] > git rev-parse --show-toplevel [4ms]
2024-01-29 14:52:05.550 [info] fatal: not a git repository (or any of the parent directories): .git
2024-01-29 14:52:05.556 [info] > git rev-parse --show-toplevel [1ms]
2024-01-29 14:52:05.556 [info] fatal: not a git repository (or any of the parent directories): .git
2024-01-29 14:52:05.563 [info] > git rev-parse --show-toplevel [1ms]
2024-01-29 14:52:05.563 [info] fatal: not a git repository (or any of the parent directories): .git
2024-01-29 14:52:05.574 [info] > git rev-parse --show-toplevel [6ms]
2024-01-29 14:52:05.574 [info] fatal: not a git repository (or any of the parent directories): .git
2024-01-29 14:52:05.580 [info] > git rev-parse --show-toplevel [1ms]
2024-01-29 14:52:05.580 [info] fatal: not a git repository (or any of the parent directories): .git
2024-01-29 14:52:05.587 [info] > git rev-parse --show-toplevel [0ms]
2024-01-29 14:52:05.587 [info] fatal: not a git repository (or any of the parent directories): .git
2024-01-29 14:52:05.593 [info] > git rev-parse --show-toplevel [1ms]
2024-01-29 14:52:05.593 [info] fatal: not a git repository (or any of the parent directories): .git
2024-01-29 14:52:07.327 [info] > git rev-parse --show-toplevel [5ms]
2024-01-29 14:52:07.327 [info] fatal: not a git repository (or any of the parent directories): .git
2024-01-29 14:52:09.958 [info] > git rev-parse --show-toplevel [0ms]
2024-01-29 14:52:09.959 [info] fatal: not a git repository (or any of the parent directories): .git
2024-01-29 14:52:20.920 [info] > git rev-parse --show-toplevel [1ms]
2024-01-29 14:52:20.920 [info] fatal: not a git repository (or any of the parent directories): .git
2024-01-29 14:52:22.811 [info] > git rev-parse --show-toplevel [1ms]
2024-01-29 14:52:22.811 [info] fatal: not a git repository (or any of the parent directories): .git
2024-01-29 14:52:55.217 [info] > git rev-parse --show-toplevel [2ms]
2024-01-29 14:52:55.217 [info] fatal: not a git repository (or any of the parent directories): .git
