2024-01-11 06:16:22.018 [info] Log level: Info
2024-01-11 06:16:22.018 [info] Validating found git in: "git"
2024-01-11 06:16:22.018 [info] Using git "2.43.0" from "git"
2024-01-11 06:16:22.018 [info] > git rev-parse --show-toplevel [4ms]
2024-01-11 06:16:22.018 [info] fatal: not a git repository (or any of the parent directories): .git
2024-01-11 06:16:22.018 [info] > git rev-parse --show-toplevel [13ms]
2024-01-11 06:16:22.018 [info] fatal: not a git repository (or any of the parent directories): .git
2024-01-11 06:16:22.018 [info] > git rev-parse --show-toplevel [2ms]
2024-01-11 06:16:22.018 [info] fatal: not a git repository (or any of the parent directories): .git
2024-01-11 06:16:22.022 [info] > git rev-parse --show-toplevel [1ms]
2024-01-11 06:16:22.022 [info] fatal: not a git repository (or any of the parent directories): .git
2024-01-11 06:16:22.028 [info] > git rev-parse --show-toplevel [1ms]
2024-01-11 06:16:22.028 [info] fatal: not a git repository (or any of the parent directories): .git
2024-01-11 06:16:22.033 [info] > git rev-parse --show-toplevel [0ms]
2024-01-11 06:16:22.033 [info] fatal: not a git repository (or any of the parent directories): .git
2024-01-11 06:16:22.039 [info] > git rev-parse --show-toplevel [1ms]
2024-01-11 06:16:22.039 [info] fatal: not a git repository (or any of the parent directories): .git
2024-01-11 06:16:22.044 [info] > git rev-parse --show-toplevel [0ms]
2024-01-11 06:16:22.044 [info] fatal: not a git repository (or any of the parent directories): .git
2024-01-11 06:16:23.528 [info] > git rev-parse --show-toplevel [5ms]
2024-01-11 06:16:23.528 [info] fatal: not a git repository (or any of the parent directories): .git
2024-01-11 06:16:23.533 [info] > git rev-parse --show-toplevel [1ms]
2024-01-11 06:16:23.533 [info] fatal: not a git repository (or any of the parent directories): .git
2024-01-11 06:16:23.555 [info] > git rev-parse --show-toplevel [1ms]
2024-01-11 06:16:23.555 [info] fatal: not a git repository (or any of the parent directories): .git
2024-01-11 06:16:23.561 [info] > git rev-parse --show-toplevel [1ms]
2024-01-11 06:16:23.561 [info] fatal: not a git repository (or any of the parent directories): .git
2024-01-11 06:16:23.745 [info] > git rev-parse --show-toplevel [1ms]
2024-01-11 06:16:23.745 [info] fatal: not a git repository (or any of the parent directories): .git
2024-01-11 06:16:23.751 [info] > git rev-parse --show-toplevel [1ms]
2024-01-11 06:16:23.751 [info] fatal: not a git repository (or any of the parent directories): .git
2024-01-11 06:16:23.890 [info] > git rev-parse --show-toplevel [1ms]
2024-01-11 06:16:23.890 [info] fatal: not a git repository (or any of the parent directories): .git
2024-01-11 06:16:23.896 [info] > git rev-parse --show-toplevel [1ms]
2024-01-11 06:16:23.896 [info] fatal: not a git repository (or any of the parent directories): .git
