2024-01-20 14:45:18.179 [info] Log level: Info
2024-01-20 14:45:18.179 [info] Validating found git in: "git"
2024-01-20 14:45:18.179 [info] Using git "2.43.0" from "git"
2024-01-20 14:45:18.179 [info] > git rev-parse --show-toplevel [4ms]
2024-01-20 14:45:18.179 [info] fatal: not a git repository (or any of the parent directories): .git
2024-01-20 14:45:18.179 [info] > git rev-parse --show-toplevel [12ms]
2024-01-20 14:45:18.179 [info] fatal: not a git repository (or any of the parent directories): .git
2024-01-20 14:45:18.180 [info] > git rev-parse --show-toplevel [1ms]
2024-01-20 14:45:18.180 [info] fatal: not a git repository (or any of the parent directories): .git
2024-01-20 14:45:18.188 [info] > git rev-parse --show-toplevel [1ms]
2024-01-20 14:45:18.188 [info] fatal: not a git repository (or any of the parent directories): .git
2024-01-20 14:45:18.195 [info] > git rev-parse --show-toplevel [0ms]
2024-01-20 14:45:18.195 [info] fatal: not a git repository (or any of the parent directories): .git
2024-01-20 14:45:18.201 [info] > git rev-parse --show-toplevel [0ms]
2024-01-20 14:45:18.201 [info] fatal: not a git repository (or any of the parent directories): .git
2024-01-20 14:45:18.209 [info] > git rev-parse --show-toplevel [1ms]
2024-01-20 14:45:18.209 [info] fatal: not a git repository (or any of the parent directories): .git
2024-01-20 14:45:18.216 [info] > git rev-parse --show-toplevel [1ms]
2024-01-20 14:45:18.216 [info] fatal: not a git repository (or any of the parent directories): .git
2024-01-20 14:45:18.266 [info] > git rev-parse --show-toplevel [4ms]
2024-01-20 14:45:18.266 [info] fatal: not a git repository (or any of the parent directories): .git
2024-01-20 14:45:18.271 [info] > git rev-parse --show-toplevel [1ms]
2024-01-20 14:45:18.271 [info] fatal: not a git repository (or any of the parent directories): .git
2024-01-20 14:45:18.520 [info] > git rev-parse --show-toplevel [1ms]
2024-01-20 14:45:18.520 [info] fatal: not a git repository (or any of the parent directories): .git
2024-01-20 14:45:18.525 [info] > git rev-parse --show-toplevel [0ms]
2024-01-20 14:45:18.525 [info] fatal: not a git repository (or any of the parent directories): .git
2024-01-20 14:45:18.753 [info] > git rev-parse --show-toplevel [1ms]
2024-01-20 14:45:18.753 [info] fatal: not a git repository (or any of the parent directories): .git
2024-01-20 14:45:18.760 [info] > git rev-parse --show-toplevel [1ms]
2024-01-20 14:45:18.760 [info] fatal: not a git repository (or any of the parent directories): .git
